{
  "/home/sergej/Debugger/src/lib/CallData.ts": {
    "path": "/home/sergej/Debugger/src/lib/CallData.ts",
    "statementMap": {
      "0": {
        "start": { "line": 21, "column": 4 },
        "end": { "line": 21, "column": 25 }
      },
      "1": {
        "start": { "line": 22, "column": 4 },
        "end": { "line": 22, "column": 33 }
      },
      "2": {
        "start": { "line": 23, "column": 4 },
        "end": { "line": 23, "column": 35 }
      },
      "3": {
        "start": { "line": 24, "column": 4 },
        "end": { "line": 24, "column": 33 }
      },
      "4": {
        "start": { "line": 25, "column": 4 },
        "end": { "line": 25, "column": 27 }
      },
      "5": {
        "start": { "line": 26, "column": 4 },
        "end": { "line": 26, "column": 21 }
      },
      "6": {
        "start": { "line": 27, "column": 4 },
        "end": { "line": 27, "column": 25 }
      },
      "7": {
        "start": { "line": 31, "column": 4 },
        "end": { "line": 31, "column": 23 }
      },
      "8": {
        "start": { "line": 35, "column": 4 },
        "end": { "line": 35, "column": 27 }
      },
      "9": {
        "start": { "line": 39, "column": 4 },
        "end": { "line": 39, "column": 28 }
      },
      "10": {
        "start": { "line": 43, "column": 4 },
        "end": { "line": 43, "column": 27 }
      },
      "11": {
        "start": { "line": 47, "column": 4 },
        "end": { "line": 49, "column": 6 }
      },
      "12": {
        "start": { "line": 53, "column": 0 },
        "end": { "line": 53, "column": 24 }
      }
    },
    "fnMap": {
      "0": {
        "name": "(anonymous_0)",
        "decl": {
          "start": { "line": 12, "column": 2 },
          "end": { "line": 12, "column": null }
        },
        "loc": {
          "start": { "line": 19, "column": 18 },
          "end": { "line": 28, "column": 3 }
        }
      },
      "1": {
        "name": "(anonymous_1)",
        "decl": {
          "start": { "line": 30, "column": 9 },
          "end": { "line": 30, "column": 18 }
        },
        "loc": {
          "start": { "line": 30, "column": 18 },
          "end": { "line": 32, "column": 3 }
        }
      },
      "2": {
        "name": "(anonymous_2)",
        "decl": {
          "start": { "line": 34, "column": 9 },
          "end": { "line": 34, "column": 22 }
        },
        "loc": {
          "start": { "line": 34, "column": 22 },
          "end": { "line": 36, "column": 3 }
        }
      },
      "3": {
        "name": "(anonymous_3)",
        "decl": {
          "start": { "line": 38, "column": 9 },
          "end": { "line": 38, "column": 23 }
        },
        "loc": {
          "start": { "line": 38, "column": 23 },
          "end": { "line": 40, "column": 3 }
        }
      },
      "4": {
        "name": "(anonymous_4)",
        "decl": {
          "start": { "line": 42, "column": 9 },
          "end": { "line": 42, "column": 22 }
        },
        "loc": {
          "start": { "line": 42, "column": 22 },
          "end": { "line": 44, "column": 3 }
        }
      },
      "5": {
        "name": "(anonymous_5)",
        "decl": {
          "start": { "line": 46, "column": 9 },
          "end": { "line": 46, "column": 16 }
        },
        "loc": {
          "start": { "line": 46, "column": 16 },
          "end": { "line": 50, "column": 3 }
        }
      }
    },
    "branchMap": {},
    "s": {
      "0": 5,
      "1": 5,
      "2": 5,
      "3": 5,
      "4": 5,
      "5": 5,
      "6": 5,
      "7": 1,
      "8": 1,
      "9": 1,
      "10": 1,
      "11": 1,
      "12": 1
    },
    "f": { "0": 5, "1": 1, "2": 1, "3": 1, "4": 1, "5": 1 },
    "b": {}
  },
  "/home/sergej/Debugger/src/lib/CodeParser.ts": {
    "path": "/home/sergej/Debugger/src/lib/CodeParser.ts",
    "statementMap": {
      "0": {
        "start": { "line": 2, "column": 10 },
        "end": { "line": 2, "column": 51 }
      },
      "1": {
        "start": { "line": 7, "column": 10 },
        "end": { "line": 7, "column": 28 }
      },
      "2": {
        "start": { "line": 10, "column": 4 },
        "end": { "line": 10, "column": 21 }
      },
      "3": {
        "start": { "line": 11, "column": 4 },
        "end": { "line": 11, "column": 27 }
      },
      "4": {
        "start": { "line": 12, "column": 4 },
        "end": { "line": 12, "column": 37 }
      },
      "5": {
        "start": { "line": 13, "column": 4 },
        "end": { "line": 13, "column": 24 }
      },
      "6": {
        "start": { "line": 14, "column": 4 },
        "end": { "line": 14, "column": 21 }
      },
      "7": {
        "start": { "line": 18, "column": 4 },
        "end": { "line": 18, "column": 23 }
      },
      "8": {
        "start": { "line": 19, "column": 4 },
        "end": { "line": 19, "column": 23 }
      },
      "9": {
        "start": { "line": 23, "column": 20 },
        "end": { "line": 23, "column": 41 }
      },
      "10": {
        "start": { "line": 24, "column": 18 },
        "end": { "line": 24, "column": 41 }
      },
      "11": {
        "start": { "line": 25, "column": 4 },
        "end": { "line": 28, "column": null }
      },
      "12": {
        "start": { "line": 26, "column": 6 },
        "end": { "line": 26, "column": 35 }
      },
      "13": {
        "start": { "line": 27, "column": 6 },
        "end": { "line": 27, "column": 13 }
      },
      "14": {
        "start": { "line": 29, "column": 4 },
        "end": { "line": 29, "column": 53 }
      },
      "15": {
        "start": { "line": 33, "column": 4 },
        "end": { "line": 35, "column": null }
      },
      "16": {
        "start": { "line": 34, "column": 6 },
        "end": { "line": 34, "column": 59 }
      },
      "17": {
        "start": { "line": 36, "column": 4 },
        "end": { "line": 38, "column": 6 }
      },
      "18": {
        "start": { "line": 42, "column": 27 },
        "end": { "line": 42, "column": 28 }
      },
      "19": {
        "start": { "line": 43, "column": 4 },
        "end": { "line": 48, "column": null }
      },
      "20": {
        "start": { "line": 43, "column": 17 },
        "end": { "line": 43, "column": 18 }
      },
      "21": {
        "start": { "line": 44, "column": 6 },
        "end": { "line": 47, "column": null }
      },
      "22": {
        "start": { "line": 45, "column": 8 },
        "end": { "line": 45, "column": 27 }
      },
      "23": {
        "start": { "line": 46, "column": 8 },
        "end": { "line": 46, "column": 49 }
      },
      "24": {
        "start": { "line": 52, "column": 4 },
        "end": { "line": 54, "column": null }
      },
      "25": {
        "start": { "line": 53, "column": 6 },
        "end": { "line": 53, "column": 25 }
      },
      "26": {
        "start": { "line": 58, "column": 27 },
        "end": { "line": 58, "column": 53 }
      },
      "27": {
        "start": { "line": 59, "column": 4 },
        "end": { "line": 62, "column": null }
      },
      "28": {
        "start": { "line": 60, "column": 22 },
        "end": { "line": 60, "column": 47 }
      },
      "29": {
        "start": { "line": 61, "column": 6 },
        "end": { "line": 61, "column": 33 }
      },
      "30": {
        "start": { "line": 66, "column": 26 },
        "end": { "line": 66, "column": 27 }
      },
      "31": {
        "start": { "line": 67, "column": 4 },
        "end": { "line": 76, "column": null }
      },
      "32": {
        "start": { "line": 67, "column": 17 },
        "end": { "line": 67, "column": 33 }
      },
      "33": {
        "start": { "line": 68, "column": 6 },
        "end": { "line": 68, "column": 74 }
      },
      "34": {
        "start": { "line": 69, "column": 6 },
        "end": { "line": 72, "column": null }
      },
      "35": {
        "start": { "line": 70, "column": 8 },
        "end": { "line": 70, "column": 28 }
      },
      "36": {
        "start": { "line": 71, "column": 8 },
        "end": { "line": 71, "column": 17 }
      },
      "37": {
        "start": { "line": 73, "column": 6 },
        "end": { "line": 75, "column": null }
      },
      "38": {
        "start": { "line": 74, "column": 8 },
        "end": { "line": 74, "column": 53 }
      },
      "39": {
        "start": { "line": 74, "column": 35 },
        "end": { "line": 74, "column": 53 }
      },
      "40": {
        "start": { "line": 77, "column": 4 },
        "end": { "line": 77, "column": 55 }
      },
      "41": {
        "start": { "line": 81, "column": 4 },
        "end": { "line": 83, "column": null }
      },
      "42": {
        "start": { "line": 82, "column": 6 },
        "end": { "line": 82, "column": 24 }
      },
      "43": {
        "start": { "line": 84, "column": 4 },
        "end": { "line": 84, "column": 27 }
      },
      "44": {
        "start": { "line": 91, "column": 4 },
        "end": { "line": 91, "column": 78 }
      },
      "45": {
        "start": { "line": 95, "column": 18 },
        "end": { "line": 95, "column": 56 }
      },
      "46": {
        "start": { "line": 96, "column": 19 },
        "end": { "line": 96, "column": 20 }
      },
      "47": {
        "start": { "line": 97, "column": 24 },
        "end": { "line": 97, "column": 26 }
      },
      "48": {
        "start": { "line": 98, "column": 4 },
        "end": { "line": 104, "column": 7 }
      },
      "49": {
        "start": { "line": 99, "column": 19 },
        "end": { "line": 99, "column": 54 }
      },
      "50": {
        "start": { "line": 100, "column": 6 },
        "end": { "line": 103, "column": null }
      },
      "51": {
        "start": { "line": 101, "column": 8 },
        "end": { "line": 101, "column": 24 }
      },
      "52": {
        "start": { "line": 102, "column": 8 },
        "end": { "line": 102, "column": 39 }
      },
      "53": {
        "start": { "line": 105, "column": 4 },
        "end": { "line": 105, "column": 25 }
      },
      "54": {
        "start": { "line": 109, "column": 4 },
        "end": { "line": 109, "column": 39 }
      },
      "55": {
        "start": { "line": 113, "column": 4 },
        "end": { "line": 113, "column": 39 }
      },
      "56": {
        "start": { "line": 117, "column": 0 },
        "end": { "line": 117, "column": 26 }
      }
    },
    "fnMap": {
      "0": {
        "name": "(anonymous_0)",
        "decl": {
          "start": { "line": 1, "column": 0 },
          "end": { "line": 1, "column": 6 }
        },
        "loc": {
          "start": { "line": 1, "column": 0 },
          "end": { "line": 115, "column": 1 }
        }
      },
      "1": {
        "name": "(anonymous_1)",
        "decl": {
          "start": { "line": 9, "column": 9 },
          "end": { "line": 9, "column": 14 }
        },
        "loc": {
          "start": { "line": 9, "column": 66 },
          "end": { "line": 15, "column": 3 }
        }
      },
      "2": {
        "name": "(anonymous_2)",
        "decl": {
          "start": { "line": 17, "column": 10 },
          "end": { "line": 17, "column": 22 }
        },
        "loc": {
          "start": { "line": 17, "column": 22 },
          "end": { "line": 20, "column": 3 }
        }
      },
      "3": {
        "name": "(anonymous_3)",
        "decl": {
          "start": { "line": 22, "column": 10 },
          "end": { "line": 22, "column": 21 }
        },
        "loc": {
          "start": { "line": 22, "column": 21 },
          "end": { "line": 30, "column": 3 }
        }
      },
      "4": {
        "name": "(anonymous_4)",
        "decl": {
          "start": { "line": 32, "column": 10 },
          "end": { "line": 32, "column": 24 }
        },
        "loc": {
          "start": { "line": 32, "column": 24 },
          "end": { "line": 39, "column": 3 }
        }
      },
      "5": {
        "name": "(anonymous_5)",
        "decl": {
          "start": { "line": 41, "column": 10 },
          "end": { "line": 41, "column": 21 }
        },
        "loc": {
          "start": { "line": 41, "column": 21 },
          "end": { "line": 49, "column": 3 }
        }
      },
      "6": {
        "name": "(anonymous_6)",
        "decl": {
          "start": { "line": 51, "column": 10 },
          "end": { "line": 51, "column": 24 }
        },
        "loc": {
          "start": { "line": 51, "column": 44 },
          "end": { "line": 55, "column": 3 }
        }
      },
      "7": {
        "name": "(anonymous_7)",
        "decl": {
          "start": { "line": 57, "column": 10 },
          "end": { "line": 57, "column": 20 }
        },
        "loc": {
          "start": { "line": 57, "column": 30 },
          "end": { "line": 63, "column": 3 }
        }
      },
      "8": {
        "name": "(anonymous_8)",
        "decl": {
          "start": { "line": 65, "column": 10 },
          "end": { "line": 65, "column": 28 }
        },
        "loc": {
          "start": { "line": 65, "column": 49 },
          "end": { "line": 78, "column": 3 }
        }
      },
      "9": {
        "name": "(anonymous_9)",
        "decl": {
          "start": { "line": 80, "column": 10 },
          "end": { "line": 80, "column": 34 }
        },
        "loc": {
          "start": { "line": 80, "column": 69 },
          "end": { "line": 85, "column": 3 }
        }
      },
      "10": {
        "name": "(anonymous_10)",
        "decl": {
          "start": { "line": 87, "column": 10 },
          "end": { "line": 87, "column": 23 }
        },
        "loc": {
          "start": { "line": 89, "column": 26 },
          "end": { "line": 92, "column": 3 }
        }
      },
      "11": {
        "name": "(anonymous_11)",
        "decl": {
          "start": { "line": 94, "column": 10 },
          "end": { "line": 94, "column": 27 }
        },
        "loc": {
          "start": { "line": 94, "column": 50 },
          "end": { "line": 106, "column": 3 }
        }
      },
      "12": {
        "name": "(anonymous_12)",
        "decl": {
          "start": { "line": 98, "column": 33 },
          "end": { "line": 98, "column": 47 }
        },
        "loc": {
          "start": { "line": 98, "column": 50 },
          "end": { "line": 104, "column": 5 }
        }
      },
      "13": {
        "name": "(anonymous_13)",
        "decl": {
          "start": { "line": 108, "column": 10 },
          "end": { "line": 108, "column": 19 }
        },
        "loc": {
          "start": { "line": 108, "column": 29 },
          "end": { "line": 110, "column": 3 }
        }
      },
      "14": {
        "name": "(anonymous_14)",
        "decl": {
          "start": { "line": 112, "column": 10 },
          "end": { "line": 112, "column": 19 }
        },
        "loc": {
          "start": { "line": 112, "column": 29 },
          "end": { "line": 114, "column": 3 }
        }
      }
    },
    "branchMap": {
      "0": {
        "loc": {
          "start": { "line": 25, "column": 4 },
          "end": { "line": 28, "column": null }
        },
        "type": "if",
        "locations": [
          {
            "start": { "line": 25, "column": 4 },
            "end": { "line": 28, "column": null }
          }
        ]
      },
      "1": {
        "loc": {
          "start": { "line": 33, "column": 4 },
          "end": { "line": 35, "column": null }
        },
        "type": "if",
        "locations": [
          {
            "start": { "line": 33, "column": 4 },
            "end": { "line": 35, "column": null }
          }
        ]
      },
      "2": {
        "loc": {
          "start": { "line": 44, "column": 6 },
          "end": { "line": 47, "column": null }
        },
        "type": "if",
        "locations": [
          {
            "start": { "line": 44, "column": 6 },
            "end": { "line": 47, "column": null }
          }
        ]
      },
      "3": {
        "loc": {
          "start": { "line": 52, "column": 4 },
          "end": { "line": 54, "column": null }
        },
        "type": "if",
        "locations": [
          {
            "start": { "line": 52, "column": 4 },
            "end": { "line": 54, "column": null }
          }
        ]
      },
      "4": {
        "loc": {
          "start": { "line": 59, "column": 4 },
          "end": { "line": 62, "column": null }
        },
        "type": "if",
        "locations": [
          {
            "start": { "line": 59, "column": 4 },
            "end": { "line": 62, "column": null }
          }
        ]
      },
      "5": {
        "loc": {
          "start": { "line": 69, "column": 6 },
          "end": { "line": 72, "column": null }
        },
        "type": "if",
        "locations": [
          {
            "start": { "line": 69, "column": 6 },
            "end": { "line": 72, "column": null }
          }
        ]
      },
      "6": {
        "loc": {
          "start": { "line": 69, "column": 10 },
          "end": { "line": 69, "column": 51 }
        },
        "type": "binary-expr",
        "locations": [
          {
            "start": { "line": 69, "column": 10 },
            "end": { "line": 69, "column": 27 }
          },
          {
            "start": { "line": 69, "column": 31 },
            "end": { "line": 69, "column": 51 }
          }
        ]
      },
      "7": {
        "loc": {
          "start": { "line": 73, "column": 6 },
          "end": { "line": 75, "column": null }
        },
        "type": "if",
        "locations": [
          {
            "start": { "line": 73, "column": 6 },
            "end": { "line": 75, "column": null }
          }
        ]
      },
      "8": {
        "loc": {
          "start": { "line": 74, "column": 8 },
          "end": { "line": 74, "column": 53 }
        },
        "type": "if",
        "locations": [
          {
            "start": { "line": 74, "column": 8 },
            "end": { "line": 74, "column": 53 }
          }
        ]
      },
      "9": {
        "loc": {
          "start": { "line": 81, "column": 4 },
          "end": { "line": 83, "column": null }
        },
        "type": "if",
        "locations": [
          {
            "start": { "line": 81, "column": 4 },
            "end": { "line": 83, "column": null }
          }
        ]
      },
      "10": {
        "loc": {
          "start": { "line": 91, "column": 11 },
          "end": { "line": 91, "column": 77 }
        },
        "type": "binary-expr",
        "locations": [
          {
            "start": { "line": 91, "column": 11 },
            "end": { "line": 91, "column": 42 }
          },
          {
            "start": { "line": 91, "column": 46 },
            "end": { "line": 91, "column": 77 }
          }
        ]
      },
      "11": {
        "loc": {
          "start": { "line": 100, "column": 6 },
          "end": { "line": 103, "column": null }
        },
        "type": "if",
        "locations": [
          {
            "start": { "line": 100, "column": 6 },
            "end": { "line": 103, "column": null }
          }
        ]
      }
    },
    "s": {
      "0": 5,
      "1": 5,
      "2": 5,
      "3": 5,
      "4": 5,
      "5": 5,
      "6": 3,
      "7": 5,
      "8": 4,
      "9": 5,
      "10": 5,
      "11": 5,
      "12": 4,
      "13": 4,
      "14": 1,
      "15": 5,
      "16": 3,
      "17": 2,
      "18": 4,
      "19": 4,
      "20": 4,
      "21": 603,
      "22": 9,
      "23": 9,
      "24": 9,
      "25": 5,
      "26": 5,
      "27": 4,
      "28": 3,
      "29": 3,
      "30": 5,
      "31": 5,
      "32": 5,
      "33": 553,
      "34": 553,
      "35": 4,
      "36": 4,
      "37": 549,
      "38": 4,
      "39": 4,
      "40": 1,
      "41": 553,
      "42": 4,
      "43": 553,
      "44": 4,
      "45": 3,
      "46": 3,
      "47": 3,
      "48": 3,
      "49": 9,
      "50": 9,
      "51": 4,
      "52": 4,
      "53": 3,
      "54": 1156,
      "55": 1102,
      "56": 1
    },
    "f": {
      "0": 5,
      "1": 5,
      "2": 5,
      "3": 5,
      "4": 5,
      "5": 4,
      "6": 9,
      "7": 5,
      "8": 5,
      "9": 553,
      "10": 4,
      "11": 3,
      "12": 9,
      "13": 1156,
      "14": 1102
    },
    "b": {
      "0": [4],
      "1": [3],
      "2": [9],
      "3": [5],
      "4": [3],
      "5": [4],
      "6": [553, 8],
      "7": [4],
      "8": [4],
      "9": [4],
      "10": [4, 4],
      "11": [4]
    }
  },
  "/home/sergej/Debugger/src/lib/log/FileLogger.ts": {
    "path": "/home/sergej/Debugger/src/lib/log/FileLogger.ts",
    "statementMap": {
      "0": {
        "start": { "line": 2, "column": 0 },
        "end": { "line": 2, "column": 20 }
      },
      "1": {
        "start": { "line": 5, "column": 10 },
        "end": { "line": 5, "column": 35 }
      },
      "2": {
        "start": { "line": 7, "column": 4 },
        "end": { "line": 7, "column": 37 }
      },
      "3": {
        "start": { "line": 11, "column": 0 },
        "end": { "line": 11, "column": 26 }
      }
    },
    "fnMap": {
      "0": {
        "name": "(anonymous_1)",
        "decl": {
          "start": { "line": 4, "column": 0 },
          "end": { "line": 4, "column": 6 }
        },
        "loc": {
          "start": { "line": 4, "column": 0 },
          "end": { "line": 9, "column": 1 }
        }
      },
      "1": {
        "name": "(anonymous_2)",
        "decl": {
          "start": { "line": 6, "column": 9 },
          "end": { "line": 6, "column": 12 }
        },
        "loc": {
          "start": { "line": 6, "column": 24 },
          "end": { "line": 8, "column": 3 }
        }
      }
    },
    "branchMap": {},
    "s": { "0": 1, "1": 6, "2": 1, "3": 1 },
    "f": { "0": 6, "1": 1 },
    "b": {}
  }
}
