{
  "/home/sergej/Debugger/src/lib/CallData.ts": {
    "path": "/home/sergej/Debugger/src/lib/CallData.ts",
    "statementMap": {
      "0": {
        "start": { "line": 21, "column": 4 },
        "end": { "line": 21, "column": 25 }
      },
      "1": {
        "start": { "line": 22, "column": 4 },
        "end": { "line": 22, "column": 33 }
      },
      "2": {
        "start": { "line": 23, "column": 4 },
        "end": { "line": 23, "column": 35 }
      },
      "3": {
        "start": { "line": 24, "column": 4 },
        "end": { "line": 24, "column": 33 }
      },
      "4": {
        "start": { "line": 25, "column": 4 },
        "end": { "line": 25, "column": 27 }
      },
      "5": {
        "start": { "line": 26, "column": 4 },
        "end": { "line": 26, "column": 21 }
      },
      "6": {
        "start": { "line": 27, "column": 4 },
        "end": { "line": 27, "column": 25 }
      },
      "7": {
        "start": { "line": 31, "column": 4 },
        "end": { "line": 31, "column": 23 }
      },
      "8": {
        "start": { "line": 35, "column": 4 },
        "end": { "line": 35, "column": 27 }
      },
      "9": {
        "start": { "line": 39, "column": 4 },
        "end": { "line": 39, "column": 28 }
      },
      "10": {
        "start": { "line": 43, "column": 4 },
        "end": { "line": 43, "column": 27 }
      },
      "11": {
        "start": { "line": 47, "column": 4 },
        "end": { "line": 49, "column": 6 }
      },
      "12": {
        "start": { "line": 53, "column": 0 },
        "end": { "line": 53, "column": 24 }
      }
    },
    "fnMap": {
      "0": {
        "name": "(anonymous_0)",
        "decl": {
          "start": { "line": 12, "column": 2 },
          "end": { "line": 12, "column": null }
        },
        "loc": {
          "start": { "line": 19, "column": 18 },
          "end": { "line": 28, "column": 3 }
        }
      },
      "1": {
        "name": "(anonymous_1)",
        "decl": {
          "start": { "line": 30, "column": 9 },
          "end": { "line": 30, "column": 18 }
        },
        "loc": {
          "start": { "line": 30, "column": 18 },
          "end": { "line": 32, "column": 3 }
        }
      },
      "2": {
        "name": "(anonymous_2)",
        "decl": {
          "start": { "line": 34, "column": 9 },
          "end": { "line": 34, "column": 22 }
        },
        "loc": {
          "start": { "line": 34, "column": 22 },
          "end": { "line": 36, "column": 3 }
        }
      },
      "3": {
        "name": "(anonymous_3)",
        "decl": {
          "start": { "line": 38, "column": 9 },
          "end": { "line": 38, "column": 23 }
        },
        "loc": {
          "start": { "line": 38, "column": 23 },
          "end": { "line": 40, "column": 3 }
        }
      },
      "4": {
        "name": "(anonymous_4)",
        "decl": {
          "start": { "line": 42, "column": 9 },
          "end": { "line": 42, "column": 22 }
        },
        "loc": {
          "start": { "line": 42, "column": 22 },
          "end": { "line": 44, "column": 3 }
        }
      },
      "5": {
        "name": "(anonymous_5)",
        "decl": {
          "start": { "line": 46, "column": 9 },
          "end": { "line": 46, "column": 16 }
        },
        "loc": {
          "start": { "line": 46, "column": 16 },
          "end": { "line": 50, "column": 3 }
        }
      }
    },
    "branchMap": {},
    "s": {
      "0": 9,
      "1": 9,
      "2": 9,
      "3": 9,
      "4": 9,
      "5": 9,
      "6": 9,
      "7": 1,
      "8": 1,
      "9": 1,
      "10": 1,
      "11": 5,
      "12": 2
    },
    "f": { "0": 9, "1": 1, "2": 1, "3": 1, "4": 1, "5": 5 },
    "b": {}
  },
  "/home/sergej/Debugger/src/lib/CodeParser.ts": {
    "path": "/home/sergej/Debugger/src/lib/CodeParser.ts",
    "statementMap": {
      "0": {
        "start": { "line": 2, "column": 10 },
        "end": { "line": 2, "column": 51 }
      },
      "1": {
        "start": { "line": 7, "column": 10 },
        "end": { "line": 7, "column": 28 }
      },
      "2": {
        "start": { "line": 10, "column": 4 },
        "end": { "line": 10, "column": 21 }
      },
      "3": {
        "start": { "line": 11, "column": 4 },
        "end": { "line": 11, "column": 27 }
      },
      "4": {
        "start": { "line": 12, "column": 4 },
        "end": { "line": 12, "column": 37 }
      },
      "5": {
        "start": { "line": 13, "column": 4 },
        "end": { "line": 13, "column": 24 }
      },
      "6": {
        "start": { "line": 14, "column": 4 },
        "end": { "line": 14, "column": 21 }
      },
      "7": {
        "start": { "line": 18, "column": 4 },
        "end": { "line": 18, "column": 23 }
      },
      "8": {
        "start": { "line": 19, "column": 4 },
        "end": { "line": 19, "column": 23 }
      },
      "9": {
        "start": { "line": 23, "column": 20 },
        "end": { "line": 23, "column": 41 }
      },
      "10": {
        "start": { "line": 24, "column": 18 },
        "end": { "line": 24, "column": 41 }
      },
      "11": {
        "start": { "line": 25, "column": 4 },
        "end": { "line": 29, "column": null }
      },
      "12": {
        "start": { "line": 26, "column": 6 },
        "end": { "line": 26, "column": 33 }
      },
      "13": {
        "start": { "line": 27, "column": 6 },
        "end": { "line": 27, "column": 35 }
      },
      "14": {
        "start": { "line": 28, "column": 6 },
        "end": { "line": 28, "column": 13 }
      },
      "15": {
        "start": { "line": 30, "column": 4 },
        "end": { "line": 30, "column": 53 }
      },
      "16": {
        "start": { "line": 34, "column": 4 },
        "end": { "line": 36, "column": null }
      },
      "17": {
        "start": { "line": 35, "column": 6 },
        "end": { "line": 35, "column": 64 }
      },
      "18": {
        "start": { "line": 37, "column": 4 },
        "end": { "line": 40, "column": 6 }
      },
      "19": {
        "start": { "line": 44, "column": 6 },
        "end": { "line": 46, "column": null }
      },
      "20": {
        "start": { "line": 45, "column": 8 },
        "end": { "line": 45, "column": 68 }
      },
      "21": {
        "start": { "line": 50, "column": 27 },
        "end": { "line": 50, "column": 28 }
      },
      "22": {
        "start": { "line": 51, "column": 4 },
        "end": { "line": 56, "column": null }
      },
      "23": {
        "start": { "line": 51, "column": 17 },
        "end": { "line": 51, "column": 18 }
      },
      "24": {
        "start": { "line": 52, "column": 6 },
        "end": { "line": 55, "column": null }
      },
      "25": {
        "start": { "line": 53, "column": 8 },
        "end": { "line": 53, "column": 27 }
      },
      "26": {
        "start": { "line": 54, "column": 8 },
        "end": { "line": 54, "column": 49 }
      },
      "27": {
        "start": { "line": 60, "column": 4 },
        "end": { "line": 62, "column": null }
      },
      "28": {
        "start": { "line": 61, "column": 6 },
        "end": { "line": 61, "column": 25 }
      },
      "29": {
        "start": { "line": 66, "column": 27 },
        "end": { "line": 66, "column": 53 }
      },
      "30": {
        "start": { "line": 67, "column": 4 },
        "end": { "line": 70, "column": null }
      },
      "31": {
        "start": { "line": 68, "column": 22 },
        "end": { "line": 68, "column": 47 }
      },
      "32": {
        "start": { "line": 69, "column": 6 },
        "end": { "line": 69, "column": 33 }
      },
      "33": {
        "start": { "line": 74, "column": 26 },
        "end": { "line": 74, "column": 27 }
      },
      "34": {
        "start": { "line": 75, "column": 4 },
        "end": { "line": 84, "column": null }
      },
      "35": {
        "start": { "line": 75, "column": 17 },
        "end": { "line": 75, "column": 33 }
      },
      "36": {
        "start": { "line": 76, "column": 6 },
        "end": { "line": 76, "column": 74 }
      },
      "37": {
        "start": { "line": 77, "column": 6 },
        "end": { "line": 80, "column": null }
      },
      "38": {
        "start": { "line": 78, "column": 8 },
        "end": { "line": 78, "column": 28 }
      },
      "39": {
        "start": { "line": 79, "column": 8 },
        "end": { "line": 79, "column": 17 }
      },
      "40": {
        "start": { "line": 81, "column": 6 },
        "end": { "line": 83, "column": null }
      },
      "41": {
        "start": { "line": 82, "column": 8 },
        "end": { "line": 82, "column": 53 }
      },
      "42": {
        "start": { "line": 82, "column": 35 },
        "end": { "line": 82, "column": 53 }
      },
      "43": {
        "start": { "line": 85, "column": 4 },
        "end": { "line": 85, "column": 55 }
      },
      "44": {
        "start": { "line": 89, "column": 4 },
        "end": { "line": 91, "column": null }
      },
      "45": {
        "start": { "line": 90, "column": 6 },
        "end": { "line": 90, "column": 24 }
      },
      "46": {
        "start": { "line": 92, "column": 4 },
        "end": { "line": 92, "column": 27 }
      },
      "47": {
        "start": { "line": 99, "column": 4 },
        "end": { "line": 99, "column": 78 }
      },
      "48": {
        "start": { "line": 103, "column": 18 },
        "end": { "line": 103, "column": 56 }
      },
      "49": {
        "start": { "line": 104, "column": 19 },
        "end": { "line": 104, "column": 20 }
      },
      "50": {
        "start": { "line": 105, "column": 24 },
        "end": { "line": 105, "column": 26 }
      },
      "51": {
        "start": { "line": 106, "column": 4 },
        "end": { "line": 112, "column": 7 }
      },
      "52": {
        "start": { "line": 107, "column": 19 },
        "end": { "line": 107, "column": 54 }
      },
      "53": {
        "start": { "line": 108, "column": 6 },
        "end": { "line": 111, "column": null }
      },
      "54": {
        "start": { "line": 109, "column": 8 },
        "end": { "line": 109, "column": 24 }
      },
      "55": {
        "start": { "line": 110, "column": 8 },
        "end": { "line": 110, "column": 39 }
      },
      "56": {
        "start": { "line": 113, "column": 4 },
        "end": { "line": 113, "column": 25 }
      },
      "57": {
        "start": { "line": 117, "column": 4 },
        "end": { "line": 117, "column": 39 }
      },
      "58": {
        "start": { "line": 121, "column": 4 },
        "end": { "line": 121, "column": 39 }
      },
      "59": {
        "start": { "line": 125, "column": 0 },
        "end": { "line": 125, "column": 26 }
      }
    },
    "fnMap": {
      "0": {
        "name": "(anonymous_0)",
        "decl": {
          "start": { "line": 1, "column": 0 },
          "end": { "line": 1, "column": 6 }
        },
        "loc": {
          "start": { "line": 1, "column": 0 },
          "end": { "line": 123, "column": 1 }
        }
      },
      "1": {
        "name": "(anonymous_1)",
        "decl": {
          "start": { "line": 9, "column": 9 },
          "end": { "line": 9, "column": 14 }
        },
        "loc": {
          "start": { "line": 9, "column": 66 },
          "end": { "line": 15, "column": 3 }
        }
      },
      "2": {
        "name": "(anonymous_2)",
        "decl": {
          "start": { "line": 17, "column": 10 },
          "end": { "line": 17, "column": 22 }
        },
        "loc": {
          "start": { "line": 17, "column": 22 },
          "end": { "line": 20, "column": 3 }
        }
      },
      "3": {
        "name": "(anonymous_3)",
        "decl": {
          "start": { "line": 22, "column": 10 },
          "end": { "line": 22, "column": 21 }
        },
        "loc": {
          "start": { "line": 22, "column": 21 },
          "end": { "line": 31, "column": 3 }
        }
      },
      "4": {
        "name": "(anonymous_4)",
        "decl": {
          "start": { "line": 33, "column": 10 },
          "end": { "line": 33, "column": 24 }
        },
        "loc": {
          "start": { "line": 33, "column": 24 },
          "end": { "line": 41, "column": 3 }
        }
      },
      "5": {
        "name": "(anonymous_5)",
        "decl": {
          "start": { "line": 43, "column": 10 },
          "end": { "line": 43, "column": 22 }
        },
        "loc": {
          "start": { "line": 43, "column": 38 },
          "end": { "line": 47, "column": 3 }
        }
      },
      "6": {
        "name": "(anonymous_6)",
        "decl": {
          "start": { "line": 49, "column": 10 },
          "end": { "line": 49, "column": 21 }
        },
        "loc": {
          "start": { "line": 49, "column": 21 },
          "end": { "line": 57, "column": 3 }
        }
      },
      "7": {
        "name": "(anonymous_7)",
        "decl": {
          "start": { "line": 59, "column": 10 },
          "end": { "line": 59, "column": 24 }
        },
        "loc": {
          "start": { "line": 59, "column": 44 },
          "end": { "line": 63, "column": 3 }
        }
      },
      "8": {
        "name": "(anonymous_8)",
        "decl": {
          "start": { "line": 65, "column": 10 },
          "end": { "line": 65, "column": 20 }
        },
        "loc": {
          "start": { "line": 65, "column": 30 },
          "end": { "line": 71, "column": 3 }
        }
      },
      "9": {
        "name": "(anonymous_9)",
        "decl": {
          "start": { "line": 73, "column": 10 },
          "end": { "line": 73, "column": 28 }
        },
        "loc": {
          "start": { "line": 73, "column": 49 },
          "end": { "line": 86, "column": 3 }
        }
      },
      "10": {
        "name": "(anonymous_10)",
        "decl": {
          "start": { "line": 88, "column": 10 },
          "end": { "line": 88, "column": 34 }
        },
        "loc": {
          "start": { "line": 88, "column": 69 },
          "end": { "line": 93, "column": 3 }
        }
      },
      "11": {
        "name": "(anonymous_11)",
        "decl": {
          "start": { "line": 95, "column": 10 },
          "end": { "line": 95, "column": 23 }
        },
        "loc": {
          "start": { "line": 97, "column": 26 },
          "end": { "line": 100, "column": 3 }
        }
      },
      "12": {
        "name": "(anonymous_12)",
        "decl": {
          "start": { "line": 102, "column": 10 },
          "end": { "line": 102, "column": 27 }
        },
        "loc": {
          "start": { "line": 102, "column": 50 },
          "end": { "line": 114, "column": 3 }
        }
      },
      "13": {
        "name": "(anonymous_13)",
        "decl": {
          "start": { "line": 106, "column": 33 },
          "end": { "line": 106, "column": 47 }
        },
        "loc": {
          "start": { "line": 106, "column": 50 },
          "end": { "line": 112, "column": 5 }
        }
      },
      "14": {
        "name": "(anonymous_14)",
        "decl": {
          "start": { "line": 116, "column": 10 },
          "end": { "line": 116, "column": 19 }
        },
        "loc": {
          "start": { "line": 116, "column": 29 },
          "end": { "line": 118, "column": 3 }
        }
      },
      "15": {
        "name": "(anonymous_15)",
        "decl": {
          "start": { "line": 120, "column": 10 },
          "end": { "line": 120, "column": 19 }
        },
        "loc": {
          "start": { "line": 120, "column": 29 },
          "end": { "line": 122, "column": 3 }
        }
      }
    },
    "branchMap": {
      "0": {
        "loc": {
          "start": { "line": 25, "column": 4 },
          "end": { "line": 29, "column": null }
        },
        "type": "if",
        "locations": [
          {
            "start": { "line": 25, "column": 4 },
            "end": { "line": 29, "column": null }
          }
        ]
      },
      "1": {
        "loc": {
          "start": { "line": 34, "column": 4 },
          "end": { "line": 36, "column": null }
        },
        "type": "if",
        "locations": [
          {
            "start": { "line": 34, "column": 4 },
            "end": { "line": 36, "column": null }
          }
        ]
      },
      "2": {
        "loc": {
          "start": { "line": 44, "column": 6 },
          "end": { "line": 46, "column": null }
        },
        "type": "if",
        "locations": [
          {
            "start": { "line": 44, "column": 6 },
            "end": { "line": 46, "column": null }
          }
        ]
      },
      "3": {
        "loc": {
          "start": { "line": 52, "column": 6 },
          "end": { "line": 55, "column": null }
        },
        "type": "if",
        "locations": [
          {
            "start": { "line": 52, "column": 6 },
            "end": { "line": 55, "column": null }
          }
        ]
      },
      "4": {
        "loc": {
          "start": { "line": 60, "column": 4 },
          "end": { "line": 62, "column": null }
        },
        "type": "if",
        "locations": [
          {
            "start": { "line": 60, "column": 4 },
            "end": { "line": 62, "column": null }
          }
        ]
      },
      "5": {
        "loc": {
          "start": { "line": 67, "column": 4 },
          "end": { "line": 70, "column": null }
        },
        "type": "if",
        "locations": [
          {
            "start": { "line": 67, "column": 4 },
            "end": { "line": 70, "column": null }
          }
        ]
      },
      "6": {
        "loc": {
          "start": { "line": 77, "column": 6 },
          "end": { "line": 80, "column": null }
        },
        "type": "if",
        "locations": [
          {
            "start": { "line": 77, "column": 6 },
            "end": { "line": 80, "column": null }
          }
        ]
      },
      "7": {
        "loc": {
          "start": { "line": 77, "column": 10 },
          "end": { "line": 77, "column": 51 }
        },
        "type": "binary-expr",
        "locations": [
          {
            "start": { "line": 77, "column": 10 },
            "end": { "line": 77, "column": 27 }
          },
          {
            "start": { "line": 77, "column": 31 },
            "end": { "line": 77, "column": 51 }
          }
        ]
      },
      "8": {
        "loc": {
          "start": { "line": 81, "column": 6 },
          "end": { "line": 83, "column": null }
        },
        "type": "if",
        "locations": [
          {
            "start": { "line": 81, "column": 6 },
            "end": { "line": 83, "column": null }
          }
        ]
      },
      "9": {
        "loc": {
          "start": { "line": 82, "column": 8 },
          "end": { "line": 82, "column": 53 }
        },
        "type": "if",
        "locations": [
          {
            "start": { "line": 82, "column": 8 },
            "end": { "line": 82, "column": 53 }
          }
        ]
      },
      "10": {
        "loc": {
          "start": { "line": 89, "column": 4 },
          "end": { "line": 91, "column": null }
        },
        "type": "if",
        "locations": [
          {
            "start": { "line": 89, "column": 4 },
            "end": { "line": 91, "column": null }
          }
        ]
      },
      "11": {
        "loc": {
          "start": { "line": 99, "column": 11 },
          "end": { "line": 99, "column": 77 }
        },
        "type": "binary-expr",
        "locations": [
          {
            "start": { "line": 99, "column": 11 },
            "end": { "line": 99, "column": 42 }
          },
          {
            "start": { "line": 99, "column": 46 },
            "end": { "line": 99, "column": 77 }
          }
        ]
      },
      "12": {
        "loc": {
          "start": { "line": 108, "column": 6 },
          "end": { "line": 111, "column": null }
        },
        "type": "if",
        "locations": [
          {
            "start": { "line": 108, "column": 6 },
            "end": { "line": 111, "column": null }
          }
        ]
      }
    },
    "s": {
      "0": 10,
      "1": 10,
      "2": 10,
      "3": 10,
      "4": 10,
      "5": 10,
      "6": 7,
      "7": 10,
      "8": 8,
      "9": 10,
      "10": 10,
      "11": 10,
      "12": 9,
      "13": 8,
      "14": 8,
      "15": 1,
      "16": 10,
      "17": 5,
      "18": 5,
      "19": 9,
      "20": 1,
      "21": 8,
      "22": 8,
      "23": 8,
      "24": 1134,
      "25": 13,
      "26": 13,
      "27": 13,
      "28": 5,
      "29": 5,
      "30": 4,
      "31": 3,
      "32": 3,
      "33": 5,
      "34": 5,
      "35": 5,
      "36": 553,
      "37": 553,
      "38": 4,
      "39": 4,
      "40": 549,
      "41": 4,
      "42": 4,
      "43": 1,
      "44": 553,
      "45": 4,
      "46": 553,
      "47": 4,
      "48": 3,
      "49": 3,
      "50": 3,
      "51": 3,
      "52": 9,
      "53": 9,
      "54": 4,
      "55": 4,
      "56": 3,
      "57": 1687,
      "58": 1102,
      "59": 2
    },
    "f": {
      "0": 10,
      "1": 10,
      "2": 10,
      "3": 10,
      "4": 10,
      "5": 9,
      "6": 8,
      "7": 13,
      "8": 5,
      "9": 5,
      "10": 553,
      "11": 4,
      "12": 3,
      "13": 9,
      "14": 1687,
      "15": 1102
    },
    "b": {
      "0": [9],
      "1": [5],
      "2": [1],
      "3": [13],
      "4": [5],
      "5": [3],
      "6": [4],
      "7": [553, 8],
      "8": [4],
      "9": [4],
      "10": [4],
      "11": [4, 4],
      "12": [4]
    }
  },
  "/home/sergej/Debugger/src/lib/Debugger.ts": {
    "path": "/home/sergej/Debugger/src/lib/Debugger.ts",
    "statementMap": {
      "0": {
        "start": { "line": 1, "column": 0 },
        "end": { "line": 1, "column": 34 }
      },
      "1": {
        "start": { "line": 2, "column": 0 },
        "end": { "line": 2, "column": 38 }
      },
      "2": {
        "start": { "line": 4, "column": 0 },
        "end": { "line": 4, "column": 48 }
      },
      "3": {
        "start": { "line": 14, "column": 4 },
        "end": { "line": 14, "column": 25 }
      },
      "4": {
        "start": { "line": 18, "column": 4 },
        "end": { "line": 18, "column": 25 }
      },
      "5": {
        "start": { "line": 19, "column": 4 },
        "end": { "line": 19, "column": 47 }
      },
      "6": {
        "start": { "line": 20, "column": 17 },
        "end": { "line": 20, "column": 39 }
      },
      "7": {
        "start": { "line": 21, "column": 4 },
        "end": { "line": 21, "column": 19 }
      },
      "8": {
        "start": { "line": 25, "column": 4 },
        "end": { "line": 25, "column": 29 }
      },
      "9": {
        "start": { "line": 26, "column": 4 },
        "end": { "line": 26, "column": 27 }
      },
      "10": {
        "start": { "line": 27, "column": 4 },
        "end": { "line": 27, "column": 39 }
      },
      "11": {
        "start": { "line": 31, "column": 19 },
        "end": { "line": 31, "column": 47 }
      },
      "12": {
        "start": { "line": 32, "column": 24 },
        "end": { "line": 32, "column": 57 }
      },
      "13": {
        "start": { "line": 33, "column": 23 },
        "end": { "line": 33, "column": 43 }
      },
      "14": {
        "start": { "line": 34, "column": 23 },
        "end": { "line": 34, "column": 45 }
      },
      "15": {
        "start": { "line": 35, "column": 17 },
        "end": { "line": 35, "column": 72 }
      },
      "16": {
        "start": { "line": 36, "column": 4 },
        "end": { "line": 44, "column": 6 }
      },
      "17": {
        "start": { "line": 48, "column": 18 },
        "end": { "line": 48, "column": 39 }
      },
      "18": {
        "start": { "line": 49, "column": 25 },
        "end": { "line": 49, "column": 44 }
      },
      "19": {
        "start": { "line": 50, "column": 4 },
        "end": { "line": 50, "column": 24 }
      },
      "20": {
        "start": { "line": 54, "column": 18 },
        "end": { "line": 54, "column": 42 }
      },
      "21": {
        "start": { "line": 55, "column": 25 },
        "end": { "line": 55, "column": 44 }
      },
      "22": {
        "start": { "line": 56, "column": 4 },
        "end": { "line": 56, "column": 58 }
      },
      "23": {
        "start": { "line": 56, "column": 47 },
        "end": { "line": 56, "column": 58 }
      },
      "24": {
        "start": { "line": 57, "column": 4 },
        "end": { "line": 57, "column": 24 }
      },
      "25": {
        "start": { "line": 61, "column": 18 },
        "end": { "line": 61, "column": 39 }
      },
      "26": {
        "start": { "line": 62, "column": 23 },
        "end": { "line": 62, "column": 52 }
      },
      "27": {
        "start": { "line": 63, "column": 4 },
        "end": { "line": 63, "column": 22 }
      },
      "28": {
        "start": { "line": 67, "column": 4 },
        "end": { "line": 67, "column": 36 }
      },
      "29": {
        "start": { "line": 71, "column": 4 },
        "end": { "line": 71, "column": 37 }
      },
      "30": {
        "start": { "line": 75, "column": 0 },
        "end": { "line": 75, "column": 24 }
      }
    },
    "fnMap": {
      "0": {
        "name": "(anonymous_1)",
        "decl": {
          "start": { "line": 13, "column": 2 },
          "end": { "line": 13, "column": 14 }
        },
        "loc": {
          "start": { "line": 13, "column": 50 },
          "end": { "line": 15, "column": 3 }
        }
      },
      "1": {
        "name": "(anonymous_2)",
        "decl": {
          "start": { "line": 17, "column": 9 },
          "end": { "line": 17, "column": 14 }
        },
        "loc": {
          "start": { "line": 17, "column": 50 },
          "end": { "line": 22, "column": 3 }
        }
      },
      "2": {
        "name": "(anonymous_3)",
        "decl": {
          "start": { "line": 24, "column": 10 },
          "end": { "line": 24, "column": 28 }
        },
        "loc": {
          "start": { "line": 24, "column": 60 },
          "end": { "line": 28, "column": 3 }
        }
      },
      "3": {
        "name": "(anonymous_4)",
        "decl": {
          "start": { "line": 30, "column": 10 },
          "end": { "line": 30, "column": 25 }
        },
        "loc": {
          "start": { "line": 30, "column": 25 },
          "end": { "line": 45, "column": 3 }
        }
      },
      "4": {
        "name": "(anonymous_5)",
        "decl": {
          "start": { "line": 47, "column": 10 },
          "end": { "line": 47, "column": 31 }
        },
        "loc": {
          "start": { "line": 47, "column": 31 },
          "end": { "line": 51, "column": 3 }
        }
      },
      "5": {
        "name": "(anonymous_6)",
        "decl": {
          "start": { "line": 53, "column": 10 },
          "end": { "line": 53, "column": 36 }
        },
        "loc": {
          "start": { "line": 53, "column": 36 },
          "end": { "line": 58, "column": 3 }
        }
      },
      "6": {
        "name": "(anonymous_7)",
        "decl": {
          "start": { "line": 60, "column": 10 },
          "end": { "line": 60, "column": 23 }
        },
        "loc": {
          "start": { "line": 60, "column": 23 },
          "end": { "line": 64, "column": 3 }
        }
      },
      "7": {
        "name": "(anonymous_8)",
        "decl": {
          "start": { "line": 66, "column": 10 },
          "end": { "line": 66, "column": 25 }
        },
        "loc": {
          "start": { "line": 66, "column": 25 },
          "end": { "line": 68, "column": 3 }
        }
      },
      "8": {
        "name": "(anonymous_9)",
        "decl": {
          "start": { "line": 70, "column": 10 },
          "end": { "line": 70, "column": 18 }
        },
        "loc": {
          "start": { "line": 70, "column": 45 },
          "end": { "line": 72, "column": 3 }
        }
      }
    },
    "branchMap": {
      "0": {
        "loc": {
          "start": { "line": 13, "column": 14 },
          "end": { "line": 13, "column": 50 }
        },
        "type": "default-arg",
        "locations": [
          {
            "start": { "line": 13, "column": 31 },
            "end": { "line": 13, "column": 50 }
          }
        ]
      },
      "1": {
        "loc": {
          "start": { "line": 17, "column": 30 },
          "end": { "line": 17, "column": 50 }
        },
        "type": "default-arg",
        "locations": [
          {
            "start": { "line": 17, "column": 48 },
            "end": { "line": 17, "column": 50 }
          }
        ]
      },
      "2": {
        "loc": {
          "start": { "line": 56, "column": 4 },
          "end": { "line": 56, "column": 58 }
        },
        "type": "if",
        "locations": [
          {
            "start": { "line": 56, "column": 4 },
            "end": { "line": 56, "column": 58 }
          }
        ]
      },
      "3": {
        "loc": {
          "start": { "line": 70, "column": 29 },
          "end": { "line": 70, "column": 45 }
        },
        "type": "default-arg",
        "locations": [
          {
            "start": { "line": 70, "column": 44 },
            "end": { "line": 70, "column": 45 }
          }
        ]
      }
    },
    "s": {
      "0": 1,
      "1": 1,
      "2": 1,
      "3": 5,
      "4": 4,
      "5": 4,
      "6": 4,
      "7": 4,
      "8": 4,
      "9": 4,
      "10": 4,
      "11": 4,
      "12": 4,
      "13": 4,
      "14": 4,
      "15": 4,
      "16": 4,
      "17": 4,
      "18": 4,
      "19": 4,
      "20": 4,
      "21": 4,
      "22": 4,
      "23": 3,
      "24": 1,
      "25": 4,
      "26": 4,
      "27": 4,
      "28": 4,
      "29": 12,
      "30": 1
    },
    "f": {
      "0": 5,
      "1": 4,
      "2": 4,
      "3": 4,
      "4": 4,
      "5": 4,
      "6": 4,
      "7": 4,
      "8": 12
    },
    "b": { "0": [1], "1": [1], "2": [3], "3": [8] }
  },
  "/home/sergej/Debugger/src/lib/log/ConsoleLogger.ts": {
    "path": "/home/sergej/Debugger/src/lib/log/ConsoleLogger.ts",
    "statementMap": {
      "0": {
        "start": { "line": 5, "column": 4 },
        "end": { "line": 5, "column": 21 }
      },
      "1": {
        "start": { "line": 9, "column": 0 },
        "end": { "line": 9, "column": 29 }
      }
    },
    "fnMap": {
      "0": {
        "name": "(anonymous_0)",
        "decl": {
          "start": { "line": 4, "column": 9 },
          "end": { "line": 4, "column": 12 }
        },
        "loc": {
          "start": { "line": 4, "column": 24 },
          "end": { "line": 6, "column": 3 }
        }
      }
    },
    "branchMap": {},
    "s": { "0": 1, "1": 1 },
    "f": { "0": 1 },
    "b": {}
  },
  "/home/sergej/Debugger/src/lib/log/FileLogger.ts": {
    "path": "/home/sergej/Debugger/src/lib/log/FileLogger.ts",
    "statementMap": {
      "0": {
        "start": { "line": 2, "column": 0 },
        "end": { "line": 2, "column": 20 }
      },
      "1": {
        "start": { "line": 5, "column": 10 },
        "end": { "line": 5, "column": 35 }
      },
      "2": {
        "start": { "line": 7, "column": 4 },
        "end": { "line": 7, "column": 37 }
      },
      "3": {
        "start": { "line": 11, "column": 0 },
        "end": { "line": 11, "column": 26 }
      }
    },
    "fnMap": {
      "0": {
        "name": "(anonymous_1)",
        "decl": {
          "start": { "line": 4, "column": 0 },
          "end": { "line": 4, "column": 6 }
        },
        "loc": {
          "start": { "line": 4, "column": 0 },
          "end": { "line": 9, "column": 1 }
        }
      },
      "1": {
        "name": "(anonymous_2)",
        "decl": {
          "start": { "line": 6, "column": 9 },
          "end": { "line": 6, "column": 12 }
        },
        "loc": {
          "start": { "line": 6, "column": 24 },
          "end": { "line": 8, "column": 3 }
        }
      }
    },
    "branchMap": {},
    "s": { "0": 2, "1": 10, "2": 4, "3": 2 },
    "f": { "0": 10, "1": 4 },
    "b": {}
  },
  "/home/sergej/Debugger/src/tests/unit/dbgrCalls/dummyCalls.ts": {
    "path": "/home/sergej/Debugger/src/tests/unit/dbgrCalls/dummyCalls.ts",
    "statementMap": {
      "0": {
        "start": { "line": 4, "column": 2 },
        "end": { "line": 4, "column": 29 }
      },
      "1": {
        "start": { "line": 15, "column": 9 },
        "end": { "line": 15, "column": 14 }
      },
      "2": {
        "start": { "line": 8, "column": 2 },
        "end": { "line": 8, "column": 14 }
      },
      "3": {
        "start": { "line": 15, "column": 16 },
        "end": { "line": 15, "column": 21 }
      },
      "4": {
        "start": { "line": 12, "column": 2 },
        "end": { "line": 12, "column": 20 }
      },
      "5": {
        "start": { "line": 15, "column": 23 },
        "end": { "line": 15, "column": 28 }
      }
    },
    "fnMap": {
      "0": {
        "name": "test1",
        "decl": {
          "start": { "line": 3, "column": 9 },
          "end": { "line": 3, "column": 14 }
        },
        "loc": {
          "start": { "line": 3, "column": 29 },
          "end": { "line": 5, "column": 1 }
        }
      },
      "1": {
        "name": "test2",
        "decl": {
          "start": { "line": 7, "column": 9 },
          "end": { "line": 7, "column": 14 }
        },
        "loc": {
          "start": { "line": 7, "column": 29 },
          "end": { "line": 9, "column": 1 }
        }
      },
      "2": {
        "name": "test3",
        "decl": {
          "start": { "line": 11, "column": 9 },
          "end": { "line": 11, "column": 14 }
        },
        "loc": {
          "start": { "line": 11, "column": 29 },
          "end": { "line": 13, "column": 1 }
        }
      }
    },
    "branchMap": {},
    "s": { "0": 3, "1": 1, "2": 1, "3": 1, "4": 1, "5": 1 },
    "f": { "0": 3, "1": 1, "2": 1 },
    "b": {}
  }
}
