TN:
SF:src/lib/CallData.ts
FN:12,(anonymous_0)
FN:30,(anonymous_1)
FN:34,(anonymous_2)
FN:38,(anonymous_3)
FN:42,(anonymous_4)
FN:46,(anonymous_5)
FNF:6
FNH:6
FNDA:5,(anonymous_0)
FNDA:1,(anonymous_1)
FNDA:1,(anonymous_2)
FNDA:1,(anonymous_3)
FNDA:1,(anonymous_4)
FNDA:1,(anonymous_5)
DA:21,5
DA:22,5
DA:23,5
DA:24,5
DA:25,5
DA:26,5
DA:27,5
DA:31,1
DA:35,1
DA:39,1
DA:43,1
DA:47,1
DA:53,1
LF:13
LH:13
BRF:0
BRH:0
end_of_record
TN:
SF:src/lib/CodeParser.ts
FN:1,(anonymous_0)
FN:9,(anonymous_1)
FN:17,(anonymous_2)
FN:22,(anonymous_3)
FN:32,(anonymous_4)
FN:41,(anonymous_5)
FN:51,(anonymous_6)
FN:57,(anonymous_7)
FN:65,(anonymous_8)
FN:80,(anonymous_9)
FN:87,(anonymous_10)
FN:94,(anonymous_11)
FN:98,(anonymous_12)
FN:108,(anonymous_13)
FN:112,(anonymous_14)
FNF:15
FNH:15
FNDA:5,(anonymous_0)
FNDA:5,(anonymous_1)
FNDA:5,(anonymous_2)
FNDA:5,(anonymous_3)
FNDA:5,(anonymous_4)
FNDA:4,(anonymous_5)
FNDA:9,(anonymous_6)
FNDA:5,(anonymous_7)
FNDA:5,(anonymous_8)
FNDA:553,(anonymous_9)
FNDA:4,(anonymous_10)
FNDA:3,(anonymous_11)
FNDA:9,(anonymous_12)
FNDA:1156,(anonymous_13)
FNDA:1102,(anonymous_14)
DA:2,5
DA:7,5
DA:10,5
DA:11,5
DA:12,5
DA:13,5
DA:14,3
DA:18,5
DA:19,4
DA:23,5
DA:24,5
DA:25,5
DA:26,4
DA:27,4
DA:29,1
DA:33,5
DA:34,3
DA:36,2
DA:42,4
DA:43,4
DA:44,603
DA:45,9
DA:46,9
DA:52,9
DA:53,5
DA:58,5
DA:59,4
DA:60,3
DA:61,3
DA:66,5
DA:67,5
DA:68,553
DA:69,553
DA:70,4
DA:71,4
DA:73,549
DA:74,4
DA:77,1
DA:81,553
DA:82,4
DA:84,553
DA:91,4
DA:95,3
DA:96,3
DA:97,3
DA:98,3
DA:99,9
DA:100,9
DA:101,4
DA:102,4
DA:105,3
DA:109,1156
DA:113,1102
DA:117,1
LF:54
LH:54
BRDA:25,0,0,4
BRDA:33,1,0,3
BRDA:44,2,0,9
BRDA:52,3,0,5
BRDA:59,4,0,3
BRDA:69,5,0,4
BRDA:69,6,0,553
BRDA:69,6,1,8
BRDA:73,7,0,4
BRDA:74,8,0,4
BRDA:81,9,0,4
BRDA:91,10,0,4
BRDA:91,10,1,4
BRDA:100,11,0,4
BRF:14
BRH:14
end_of_record
TN:
SF:src/lib/log/FileLogger.ts
FN:4,(anonymous_1)
FN:6,(anonymous_2)
FNF:2
FNH:2
FNDA:6,(anonymous_1)
FNDA:1,(anonymous_2)
DA:2,1
DA:5,6
DA:7,1
DA:11,1
LF:4
LH:4
BRF:0
BRH:0
end_of_record
