TN:
SF:src/lib/CallData.ts
FN:12,(anonymous_0)
FN:30,(anonymous_1)
FN:34,(anonymous_2)
FN:38,(anonymous_3)
FN:42,(anonymous_4)
FN:46,(anonymous_5)
FNF:6
FNH:6
FNDA:9,(anonymous_0)
FNDA:1,(anonymous_1)
FNDA:1,(anonymous_2)
FNDA:1,(anonymous_3)
FNDA:1,(anonymous_4)
FNDA:5,(anonymous_5)
DA:21,9
DA:22,9
DA:23,9
DA:24,9
DA:25,9
DA:26,9
DA:27,9
DA:31,1
DA:35,1
DA:39,1
DA:43,1
DA:47,5
DA:53,2
LF:13
LH:13
BRF:0
BRH:0
end_of_record
TN:
SF:src/lib/CodeParser.ts
FN:1,(anonymous_0)
FN:9,(anonymous_1)
FN:17,(anonymous_2)
FN:22,(anonymous_3)
FN:32,(anonymous_4)
FN:41,(anonymous_5)
FN:51,(anonymous_6)
FN:57,(anonymous_7)
FN:65,(anonymous_8)
FN:80,(anonymous_9)
FN:87,(anonymous_10)
FN:94,(anonymous_11)
FN:98,(anonymous_12)
FN:108,(anonymous_13)
FN:112,(anonymous_14)
FNF:15
FNH:15
FNDA:9,(anonymous_0)
FNDA:9,(anonymous_1)
FNDA:9,(anonymous_2)
FNDA:9,(anonymous_3)
FNDA:9,(anonymous_4)
FNDA:8,(anonymous_5)
FNDA:13,(anonymous_6)
FNDA:5,(anonymous_7)
FNDA:5,(anonymous_8)
FNDA:553,(anonymous_9)
FNDA:4,(anonymous_10)
FNDA:3,(anonymous_11)
FNDA:9,(anonymous_12)
FNDA:1687,(anonymous_13)
FNDA:1102,(anonymous_14)
DA:2,9
DA:7,9
DA:10,9
DA:11,9
DA:12,9
DA:13,9
DA:14,7
DA:18,9
DA:19,8
DA:23,9
DA:24,9
DA:25,9
DA:26,8
DA:27,8
DA:29,1
DA:33,9
DA:34,4
DA:36,5
DA:42,8
DA:43,8
DA:44,1134
DA:45,13
DA:46,13
DA:52,13
DA:53,5
DA:58,5
DA:59,4
DA:60,3
DA:61,3
DA:66,5
DA:67,5
DA:68,553
DA:69,553
DA:70,4
DA:71,4
DA:73,549
DA:74,4
DA:77,1
DA:81,553
DA:82,4
DA:84,553
DA:91,4
DA:95,3
DA:96,3
DA:97,3
DA:98,3
DA:99,9
DA:100,9
DA:101,4
DA:102,4
DA:105,3
DA:109,1687
DA:113,1102
DA:117,2
LF:54
LH:54
BRDA:25,0,0,8
BRDA:33,1,0,4
BRDA:44,2,0,13
BRDA:52,3,0,5
BRDA:59,4,0,3
BRDA:69,5,0,4
BRDA:69,6,0,553
BRDA:69,6,1,8
BRDA:73,7,0,4
BRDA:74,8,0,4
BRDA:81,9,0,4
BRDA:91,10,0,4
BRDA:91,10,1,4
BRDA:100,11,0,4
BRF:14
BRH:14
end_of_record
TN:
SF:src/lib/Debugger.ts
FN:13,(anonymous_1)
FN:17,(anonymous_2)
FN:24,(anonymous_3)
FN:30,(anonymous_4)
FN:47,(anonymous_5)
FN:53,(anonymous_6)
FN:60,(anonymous_7)
FN:66,(anonymous_8)
FN:70,(anonymous_9)
FNF:9
FNH:9
FNDA:5,(anonymous_1)
FNDA:4,(anonymous_2)
FNDA:4,(anonymous_3)
FNDA:4,(anonymous_4)
FNDA:4,(anonymous_5)
FNDA:4,(anonymous_6)
FNDA:4,(anonymous_7)
FNDA:4,(anonymous_8)
FNDA:12,(anonymous_9)
DA:1,1
DA:2,1
DA:4,1
DA:14,5
DA:18,4
DA:19,4
DA:20,4
DA:21,4
DA:25,4
DA:26,4
DA:27,4
DA:31,4
DA:32,4
DA:33,4
DA:34,4
DA:35,4
DA:36,4
DA:48,4
DA:49,4
DA:50,4
DA:54,4
DA:55,4
DA:56,4
DA:57,1
DA:61,4
DA:62,4
DA:63,4
DA:67,4
DA:71,12
DA:75,1
LF:30
LH:30
BRDA:13,0,0,1
BRDA:17,1,0,1
BRDA:56,2,0,3
BRDA:70,3,0,8
BRF:4
BRH:4
end_of_record
TN:
SF:src/lib/log/ConsoleLogger.ts
FN:4,(anonymous_0)
FNF:1
FNH:1
FNDA:1,(anonymous_0)
DA:5,1
DA:9,1
LF:2
LH:2
BRF:0
BRH:0
end_of_record
TN:
SF:src/lib/log/FileLogger.ts
FN:4,(anonymous_1)
FN:6,(anonymous_2)
FNF:2
FNH:2
FNDA:10,(anonymous_1)
FNDA:4,(anonymous_2)
DA:2,2
DA:5,10
DA:7,4
DA:11,2
LF:4
LH:4
BRF:0
BRH:0
end_of_record
TN:
SF:src/tests/unit/dbgrCalls/dummyCalls.ts
FN:3,test1
FN:7,test2
FN:11,test3
FNF:3
FNH:3
FNDA:3,test1
FNDA:1,test2
FNDA:1,test3
DA:4,3
DA:8,1
DA:12,1
DA:15,1
LF:4
LH:4
BRF:0
BRH:0
end_of_record
